INFO 2021-08-10 20:25:23,610 [base_case.py-->line:32]:========= 课堂派业务流 开始测试 =======
INFO 2021-08-10 20:25:23,613 [base_case.py-->line:45]:********** 用例【课堂派登录】 开始执行 *************
INFO 2021-08-10 20:25:23,872 [base_case.py-->line:169]:用例【课堂派登录】响应状态码断言成功
INFO 2021-08-10 20:25:23,872 [test_coursse_flow.py-->line:60]:用例【课堂派登录】响应数据断言成功
INFO 2021-08-10 20:25:23,873 [base_case.py-->line:56]:********** 用例【课堂派登录】 测试成功 *************
INFO 2021-08-10 20:25:23,873 [base_case.py-->line:45]:********** 用例【获取所有课程信息】 开始执行 *************
INFO 2021-08-10 20:25:24,255 [base_case.py-->line:169]:用例【获取所有课程信息】响应状态码断言成功
INFO 2021-08-10 20:25:24,258 [test_coursse_flow.py-->line:60]:用例【获取所有课程信息】响应数据断言成功
INFO 2021-08-10 20:25:24,259 [base_case.py-->line:56]:********** 用例【获取所有课程信息】 测试成功 *************
INFO 2021-08-10 20:25:24,260 [base_case.py-->line:36]:========= 课堂派业务流 测试结束 =======
INFO 2021-08-10 20:56:15,205 [base_case.py-->line:32]:========= 充值接口 开始测试 =======
INFO 2021-08-10 20:56:15,372 [fixture.py-->line:40]:注册用户成功
INFO 2021-08-10 20:56:15,467 [fixture.py-->line:61]:登录用户成功
INFO 2021-08-10 20:56:15,469 [base_case.py-->line:45]:********** 用例【前置条件-支付宝充值成功】 开始执行 *************
INFO 2021-08-10 20:56:17,602 [base_case.py-->line:169]:用例【前置条件-支付宝充值成功】响应状态码断言成功
INFO 2021-08-10 20:56:17,603 [base_case.py-->line:191]:用例【前置条件-支付宝充值成功】响应数据断言成功
INFO 2021-08-10 20:56:17,603 [base_case.py-->line:56]:********** 用例【前置条件-支付宝充值成功】 测试成功 *************
INFO 2021-08-10 20:56:17,603 [base_case.py-->line:45]:********** 用例【充值成功-整数】 开始执行 *************
INFO 2021-08-10 20:56:17,673 [base_case.py-->line:169]:用例【充值成功-整数】响应状态码断言成功
INFO 2021-08-10 20:56:17,674 [base_case.py-->line:191]:用例【充值成功-整数】响应数据断言成功
INFO 2021-08-10 20:56:17,674 [base_case.py-->line:201]:用例【充值成功-整数】数据校验的sql为:select id from member WHERE id = 123515100 and leave_amount=888
INFO 2021-08-10 20:56:17,702 [base_case.py-->line:211]:用例【充值成功-整数】数据断言成功
INFO 2021-08-10 20:56:17,702 [base_case.py-->line:56]:********** 用例【充值成功-整数】 测试成功 *************
INFO 2021-08-10 20:56:17,703 [base_case.py-->line:45]:********** 用例【充值成功-1位小数】 开始执行 *************
INFO 2021-08-10 20:56:17,736 [base_case.py-->line:169]:用例【充值成功-1位小数】响应状态码断言成功
INFO 2021-08-10 20:56:17,736 [base_case.py-->line:191]:用例【充值成功-1位小数】响应数据断言成功
INFO 2021-08-10 20:56:17,736 [base_case.py-->line:201]:用例【充值成功-1位小数】数据校验的sql为:select id from member WHERE id = 123515100 and leave_amount=1776.8
INFO 2021-08-10 20:56:17,763 [base_case.py-->line:211]:用例【充值成功-1位小数】数据断言成功
INFO 2021-08-10 20:56:17,763 [base_case.py-->line:56]:********** 用例【充值成功-1位小数】 测试成功 *************
INFO 2021-08-10 20:56:17,763 [base_case.py-->line:45]:********** 用例【充值成功-2位小数】 开始执行 *************
INFO 2021-08-10 20:56:17,798 [base_case.py-->line:169]:用例【充值成功-2位小数】响应状态码断言成功
INFO 2021-08-10 20:56:17,798 [base_case.py-->line:191]:用例【充值成功-2位小数】响应数据断言成功
INFO 2021-08-10 20:56:17,798 [base_case.py-->line:201]:用例【充值成功-2位小数】数据校验的sql为:select id from member WHERE id = 123515100 and leave_amount=2665.68
INFO 2021-08-10 20:56:17,825 [base_case.py-->line:211]:用例【充值成功-2位小数】数据断言成功
INFO 2021-08-10 20:56:17,825 [base_case.py-->line:56]:********** 用例【充值成功-2位小数】 测试成功 *************
INFO 2021-08-10 20:56:17,826 [base_case.py-->line:45]:********** 用例【充值成功-50万】 开始执行 *************
INFO 2021-08-10 20:56:17,861 [base_case.py-->line:169]:用例【充值成功-50万】响应状态码断言成功
INFO 2021-08-10 20:56:17,861 [base_case.py-->line:191]:用例【充值成功-50万】响应数据断言成功
INFO 2021-08-10 20:56:17,861 [base_case.py-->line:201]:用例【充值成功-50万】数据校验的sql为:select id from member WHERE id = 123515100 and leave_amount=502665.68
INFO 2021-08-10 20:56:17,888 [base_case.py-->line:211]:用例【充值成功-50万】数据断言成功
INFO 2021-08-10 20:56:17,888 [base_case.py-->line:56]:********** 用例【充值成功-50万】 测试成功 *************
INFO 2021-08-10 20:56:17,888 [base_case.py-->line:45]:********** 用例【会员id位空】 开始执行 *************
INFO 2021-08-10 20:56:17,915 [base_case.py-->line:169]:用例【会员id位空】响应状态码断言成功
INFO 2021-08-10 20:56:17,916 [base_case.py-->line:191]:用例【会员id位空】响应数据断言成功
INFO 2021-08-10 20:56:17,916 [base_case.py-->line:56]:********** 用例【会员id位空】 测试成功 *************
INFO 2021-08-10 20:56:17,916 [base_case.py-->line:45]:********** 用例【id不是当前登陆的用户】 开始执行 *************
INFO 2021-08-10 20:56:17,944 [base_case.py-->line:169]:用例【id不是当前登陆的用户】响应状态码断言成功
INFO 2021-08-10 20:56:17,944 [base_case.py-->line:191]:用例【id不是当前登陆的用户】响应数据断言成功
INFO 2021-08-10 20:56:17,944 [base_case.py-->line:56]:********** 用例【id不是当前登陆的用户】 测试成功 *************
INFO 2021-08-10 20:56:17,944 [base_case.py-->line:45]:********** 用例【会员id为字符串】 开始执行 *************
INFO 2021-08-10 20:56:17,978 [base_case.py-->line:169]:用例【会员id为字符串】响应状态码断言成功
WARNING 2021-08-10 20:56:17,979 [base_case.py-->line:186]:用例【会员id为字符串】响应数据断言失败
INFO 2021-08-10 20:56:17,979 [base_case.py-->line:187]:用例【会员id为字符串】期望的结果是{'code': 2, 'msg': '数字格式化异常'}
INFO 2021-08-10 20:56:17,979 [base_case.py-->line:188]:用例【会员id为字符串】返回数据是{'code': 0, 'msg': 'OK', 'data': {'id': 123515100, 'leave_amount': 503553.68, 'mobile_phone': '15884926784', 'reg_name': '小柠檬', 'reg_time': '2021-08-10 20:56:15.0', 'type': 1}, 'copyright': 'Copyright 柠檬班 © 2017-2020 湖南省零檬信息技术有限公司 All Rights Reserved'}
INFO 2021-08-10 20:56:17,983 [base_case.py-->line:45]:********** 用例【会员id位小数】 开始执行 *************
INFO 2021-08-10 20:56:18,010 [base_case.py-->line:169]:用例【会员id位小数】响应状态码断言成功
INFO 2021-08-10 20:56:18,011 [base_case.py-->line:191]:用例【会员id位小数】响应数据断言成功
INFO 2021-08-10 20:56:18,011 [base_case.py-->line:56]:********** 用例【会员id位小数】 测试成功 *************
INFO 2021-08-10 20:56:18,011 [base_case.py-->line:45]:********** 用例【充值金额为0】 开始执行 *************
INFO 2021-08-10 20:56:18,043 [base_case.py-->line:169]:用例【充值金额为0】响应状态码断言成功
WARNING 2021-08-10 20:56:18,044 [base_case.py-->line:186]:用例【充值金额为0】响应数据断言失败
INFO 2021-08-10 20:56:18,044 [base_case.py-->line:187]:用例【充值金额为0】期望的结果是{'code': 2, 'msg': '金额必须大于0并且小于或者等于500000'}
INFO 2021-08-10 20:56:18,044 [base_case.py-->line:188]:用例【充值金额为0】返回数据是{'code': 0, 'msg': 'OK', 'data': {'id': 123515100, 'leave_amount': 503553.68, 'mobile_phone': '15884926784', 'reg_name': '小柠檬', 'reg_time': '2021-08-10 20:56:15.0', 'type': 1}, 'copyright': 'Copyright 柠檬班 © 2017-2020 湖南省零檬信息技术有限公司 All Rights Reserved'}
INFO 2021-08-10 20:56:18,045 [base_case.py-->line:45]:********** 用例【充值金额为负数】 开始执行 *************
INFO 2021-08-10 20:56:18,074 [base_case.py-->line:169]:用例【充值金额为负数】响应状态码断言成功
INFO 2021-08-10 20:56:18,074 [base_case.py-->line:191]:用例【充值金额为负数】响应数据断言成功
INFO 2021-08-10 20:56:18,074 [base_case.py-->line:56]:********** 用例【充值金额为负数】 测试成功 *************
INFO 2021-08-10 20:56:18,074 [base_case.py-->line:45]:********** 用例【充值金额为空】 开始执行 *************
INFO 2021-08-10 20:56:18,104 [base_case.py-->line:169]:用例【充值金额为空】响应状态码断言成功
INFO 2021-08-10 20:56:18,104 [base_case.py-->line:191]:用例【充值金额为空】响应数据断言成功
INFO 2021-08-10 20:56:18,104 [base_case.py-->line:56]:********** 用例【充值金额为空】 测试成功 *************
INFO 2021-08-10 20:56:18,104 [base_case.py-->line:45]:********** 用例【充值金额3位小数】 开始执行 *************
INFO 2021-08-10 20:56:18,133 [base_case.py-->line:169]:用例【充值金额3位小数】响应状态码断言成功
INFO 2021-08-10 20:56:18,134 [base_case.py-->line:191]:用例【充值金额3位小数】响应数据断言成功
INFO 2021-08-10 20:56:18,134 [base_case.py-->line:56]:********** 用例【充值金额3位小数】 测试成功 *************
INFO 2021-08-10 20:56:18,135 [base_case.py-->line:45]:********** 用例【充值金额大于50万】 开始执行 *************
INFO 2021-08-10 20:56:18,165 [base_case.py-->line:169]:用例【充值金额大于50万】响应状态码断言成功
INFO 2021-08-10 20:56:18,165 [base_case.py-->line:191]:用例【充值金额大于50万】响应数据断言成功
INFO 2021-08-10 20:56:18,166 [base_case.py-->line:56]:********** 用例【充值金额大于50万】 测试成功 *************
INFO 2021-08-10 20:56:18,166 [base_case.py-->line:45]:********** 用例【充值金额非数字】 开始执行 *************
INFO 2021-08-10 20:56:18,194 [base_case.py-->line:169]:用例【充值金额非数字】响应状态码断言成功
INFO 2021-08-10 20:56:18,194 [base_case.py-->line:191]:用例【充值金额非数字】响应数据断言成功
INFO 2021-08-10 20:56:18,194 [base_case.py-->line:56]:********** 用例【充值金额非数字】 测试成功 *************
INFO 2021-08-10 20:56:18,195 [base_case.py-->line:36]:========= 充值接口 测试结束 =======
INFO 2021-08-17 15:58:55,698 [base_case.py-->line:32]:========= 审核接口 开始测试 =======
INFO 2021-08-17 15:58:55,984 [fixture.py-->line:40]:注册用户成功
INFO 2021-08-17 15:58:56,156 [fixture.py-->line:61]:登录用户成功
INFO 2021-08-17 15:58:56,408 [fixture.py-->line:40]:注册用户成功
INFO 2021-08-17 15:58:56,581 [fixture.py-->line:61]:登录用户成功
INFO 2021-08-17 15:58:56,676 [fixture.py-->line:100]:创建项目成功
INFO 2021-08-17 15:58:56,676 [base_case.py-->line:45]:********** 用例【审核成功-通过】 开始执行 *************
INFO 2021-08-17 15:58:56,770 [base_case.py-->line:169]:用例【审核成功-通过】响应状态码断言成功
INFO 2021-08-17 15:58:56,770 [base_case.py-->line:191]:用例【审核成功-通过】响应数据断言成功
INFO 2021-08-17 15:58:56,771 [base_case.py-->line:201]:用例【审核成功-通过】数据校验的sql为:SELECT status FROM loan WHERE id=71730 and status=2
INFO 2021-08-17 15:58:56,814 [base_case.py-->line:211]:用例【审核成功-通过】数据断言成功
INFO 2021-08-17 15:58:56,814 [base_case.py-->line:56]:********** 用例【审核成功-通过】 测试成功 *************
INFO 2021-08-17 15:58:56,913 [fixture.py-->line:100]:创建项目成功
INFO 2021-08-17 15:58:56,913 [base_case.py-->line:45]:********** 用例【审核成功-不通过】 开始执行 *************
INFO 2021-08-17 15:58:56,964 [base_case.py-->line:169]:用例【审核成功-不通过】响应状态码断言成功
INFO 2021-08-17 15:58:56,964 [base_case.py-->line:191]:用例【审核成功-不通过】响应数据断言成功
INFO 2021-08-17 15:58:56,965 [base_case.py-->line:201]:用例【审核成功-不通过】数据校验的sql为:SELECT status FROM loan WHERE id=71731 and status=5
INFO 2021-08-17 15:58:57,009 [base_case.py-->line:211]:用例【审核成功-不通过】数据断言成功
INFO 2021-08-17 15:58:57,009 [base_case.py-->line:56]:********** 用例【审核成功-不通过】 测试成功 *************
INFO 2021-08-17 15:58:57,115 [fixture.py-->line:100]:创建项目成功
INFO 2021-08-17 15:58:57,115 [base_case.py-->line:45]:********** 用例【项目id为空】 开始执行 *************
INFO 2021-08-17 15:58:57,163 [base_case.py-->line:169]:用例【项目id为空】响应状态码断言成功
INFO 2021-08-17 15:58:57,163 [base_case.py-->line:191]:用例【项目id为空】响应数据断言成功
INFO 2021-08-17 15:58:57,164 [base_case.py-->line:56]:********** 用例【项目id为空】 测试成功 *************
INFO 2021-08-17 15:58:57,261 [fixture.py-->line:100]:创建项目成功
INFO 2021-08-17 15:58:57,261 [base_case.py-->line:45]:********** 用例【项目id不是整数】 开始执行 *************
INFO 2021-08-17 15:58:57,315 [base_case.py-->line:169]:用例【项目id不是整数】响应状态码断言成功
WARNING 2021-08-17 15:58:57,317 [base_case.py-->line:186]:用例【项目id不是整数】响应数据断言失败
INFO 2021-08-17 15:58:57,319 [base_case.py-->line:187]:用例【项目id不是整数】期望的结果是{'code': 2, 'msg': '数值参数格式不正确'}
INFO 2021-08-17 15:58:57,323 [base_case.py-->line:188]:用例【项目id不是整数】返回数据是{'code': 0, 'msg': 'OK', 'data': None, 'copyright': 'Copyright 柠檬班 © 2017-2020 湖南省零檬信息技术有限公司 All Rights Reserved'}
INFO 2021-08-17 15:58:57,424 [fixture.py-->line:100]:创建项目成功
INFO 2021-08-17 15:58:57,425 [base_case.py-->line:45]:********** 用例【不存在的项目id】 开始执行 *************
INFO 2021-08-17 15:58:57,478 [base_case.py-->line:169]:用例【不存在的项目id】响应状态码断言成功
INFO 2021-08-17 15:58:57,479 [base_case.py-->line:191]:用例【不存在的项目id】响应数据断言成功
INFO 2021-08-17 15:58:57,480 [base_case.py-->line:56]:********** 用例【不存在的项目id】 测试成功 *************
INFO 2021-08-17 15:58:57,578 [fixture.py-->line:100]:创建项目成功
INFO 2021-08-17 15:58:57,580 [base_case.py-->line:45]:********** 用例【审核状态不是布尔值】 开始执行 *************
INFO 2021-08-17 15:58:57,625 [base_case.py-->line:169]:用例【审核状态不是布尔值】响应状态码断言成功
INFO 2021-08-17 15:58:57,626 [base_case.py-->line:191]:用例【审核状态不是布尔值】响应数据断言成功
INFO 2021-08-17 15:58:57,626 [base_case.py-->line:56]:********** 用例【审核状态不是布尔值】 测试成功 *************
INFO 2021-08-17 15:58:57,720 [fixture.py-->line:100]:创建项目成功
INFO 2021-08-17 15:58:57,720 [base_case.py-->line:45]:********** 用例【审核状态不存在】 开始执行 *************
INFO 2021-08-17 15:58:57,767 [base_case.py-->line:169]:用例【审核状态不存在】响应状态码断言成功
INFO 2021-08-17 15:58:57,767 [base_case.py-->line:191]:用例【审核状态不存在】响应数据断言成功
INFO 2021-08-17 15:58:57,768 [base_case.py-->line:56]:********** 用例【审核状态不存在】 测试成功 *************
INFO 2021-08-17 15:58:57,771 [base_case.py-->line:36]:========= 审核接口 测试结束 =======
INFO 2021-08-17 15:58:57,771 [base_case.py-->line:32]:========= 课堂派业务流 开始测试 =======
INFO 2021-08-17 15:58:57,771 [base_case.py-->line:45]:********** 用例【课堂派登录】 开始执行 *************
INFO 2021-08-17 15:58:58,034 [base_case.py-->line:169]:用例【课堂派登录】响应状态码断言成功
INFO 2021-08-17 15:58:58,036 [test_coursse_flow.py-->line:60]:用例【课堂派登录】响应数据断言成功
INFO 2021-08-17 15:58:58,040 [base_case.py-->line:56]:********** 用例【课堂派登录】 测试成功 *************
INFO 2021-08-17 15:58:58,043 [base_case.py-->line:45]:********** 用例【获取所有课程信息】 开始执行 *************
INFO 2021-08-17 15:58:58,440 [base_case.py-->line:169]:用例【获取所有课程信息】响应状态码断言成功
INFO 2021-08-17 15:58:58,443 [test_coursse_flow.py-->line:60]:用例【获取所有课程信息】响应数据断言成功
INFO 2021-08-17 15:58:58,445 [base_case.py-->line:56]:********** 用例【获取所有课程信息】 测试成功 *************
INFO 2021-08-17 15:58:58,450 [base_case.py-->line:36]:========= 课堂派业务流 测试结束 =======
INFO 2021-08-17 15:58:58,459 [base_case.py-->line:32]:========= 投资业务流 开始测试 =======
INFO 2021-08-17 15:58:58,459 [base_case.py-->line:45]:********** 用例【注册普通融资用户】 开始执行 *************
INFO 2021-08-17 15:58:58,675 [base_case.py-->line:169]:用例【注册普通融资用户】响应状态码断言成功
INFO 2021-08-17 15:58:58,676 [base_case.py-->line:191]:用例【注册普通融资用户】响应数据断言成功
INFO 2021-08-17 15:58:58,677 [base_case.py-->line:201]:用例【注册普通融资用户】数据校验的sql为:select mobile_phone from member where mobile_phone='15855536207' and `type`=1
INFO 2021-08-17 15:58:58,773 [base_case.py-->line:211]:用例【注册普通融资用户】数据断言成功
INFO 2021-08-17 15:58:58,774 [base_case.py-->line:56]:********** 用例【注册普通融资用户】 测试成功 *************
INFO 2021-08-17 15:58:58,776 [base_case.py-->line:45]:********** 用例【登录普通融资用户】 开始执行 *************
INFO 2021-08-17 15:58:58,904 [base_case.py-->line:169]:用例【登录普通融资用户】响应状态码断言成功
INFO 2021-08-17 15:58:58,904 [base_case.py-->line:191]:用例【登录普通融资用户】响应数据断言成功
INFO 2021-08-17 15:58:58,906 [base_case.py-->line:56]:********** 用例【登录普通融资用户】 测试成功 *************
INFO 2021-08-17 15:58:58,909 [base_case.py-->line:45]:********** 用例【创建项目】 开始执行 *************
INFO 2021-08-17 15:58:58,963 [base_case.py-->line:169]:用例【创建项目】响应状态码断言成功
INFO 2021-08-17 15:58:58,963 [base_case.py-->line:191]:用例【创建项目】响应数据断言成功
INFO 2021-08-17 15:58:58,965 [base_case.py-->line:56]:********** 用例【创建项目】 测试成功 *************
INFO 2021-08-17 15:58:58,968 [base_case.py-->line:45]:********** 用例【注册管理员用户】 开始执行 *************
INFO 2021-08-17 15:58:59,184 [base_case.py-->line:169]:用例【注册管理员用户】响应状态码断言成功
INFO 2021-08-17 15:58:59,185 [base_case.py-->line:191]:用例【注册管理员用户】响应数据断言成功
INFO 2021-08-17 15:58:59,185 [base_case.py-->line:56]:********** 用例【注册管理员用户】 测试成功 *************
INFO 2021-08-17 15:58:59,188 [base_case.py-->line:45]:********** 用例【登录管理员用户】 开始执行 *************
INFO 2021-08-17 15:58:59,310 [base_case.py-->line:169]:用例【登录管理员用户】响应状态码断言成功
INFO 2021-08-17 15:58:59,311 [base_case.py-->line:191]:用例【登录管理员用户】响应数据断言成功
INFO 2021-08-17 15:58:59,312 [base_case.py-->line:56]:********** 用例【登录管理员用户】 测试成功 *************
INFO 2021-08-17 15:58:59,314 [base_case.py-->line:45]:********** 用例【审核项目】 开始执行 *************
INFO 2021-08-17 15:58:59,364 [base_case.py-->line:169]:用例【审核项目】响应状态码断言成功
INFO 2021-08-17 15:58:59,365 [base_case.py-->line:191]:用例【审核项目】响应数据断言成功
INFO 2021-08-17 15:58:59,367 [base_case.py-->line:56]:********** 用例【审核项目】 测试成功 *************
INFO 2021-08-17 15:58:59,370 [base_case.py-->line:45]:********** 用例【注册普通投资用户】 开始执行 *************
INFO 2021-08-17 15:58:59,581 [base_case.py-->line:169]:用例【注册普通投资用户】响应状态码断言成功
INFO 2021-08-17 15:58:59,581 [base_case.py-->line:191]:用例【注册普通投资用户】响应数据断言成功
INFO 2021-08-17 15:58:59,582 [base_case.py-->line:56]:********** 用例【注册普通投资用户】 测试成功 *************
INFO 2021-08-17 15:58:59,585 [base_case.py-->line:45]:********** 用例【登录普通投资用户】 开始执行 *************
INFO 2021-08-17 15:58:59,710 [base_case.py-->line:169]:用例【登录普通投资用户】响应状态码断言成功
INFO 2021-08-17 15:58:59,711 [base_case.py-->line:191]:用例【登录普通投资用户】响应数据断言成功
INFO 2021-08-17 15:58:59,712 [base_case.py-->line:56]:********** 用例【登录普通投资用户】 测试成功 *************
INFO 2021-08-17 15:58:59,714 [base_case.py-->line:45]:********** 用例【充值】 开始执行 *************
INFO 2021-08-17 15:58:59,772 [base_case.py-->line:169]:用例【充值】响应状态码断言成功
INFO 2021-08-17 15:58:59,773 [base_case.py-->line:191]:用例【充值】响应数据断言成功
INFO 2021-08-17 15:58:59,773 [base_case.py-->line:56]:********** 用例【充值】 测试成功 *************
INFO 2021-08-17 15:58:59,776 [base_case.py-->line:45]:********** 用例【投资项目】 开始执行 *************
INFO 2021-08-17 15:58:59,840 [base_case.py-->line:169]:用例【投资项目】响应状态码断言成功
INFO 2021-08-17 15:58:59,841 [base_case.py-->line:191]:用例【投资项目】响应数据断言成功
INFO 2021-08-17 15:58:59,843 [base_case.py-->line:56]:********** 用例【投资项目】 测试成功 *************
INFO 2021-08-17 15:58:59,848 [base_case.py-->line:36]:========= 投资业务流 测试结束 =======
INFO 2021-08-17 15:58:59,852 [base_case.py-->line:32]:========= 充值接口 开始测试 =======
INFO 2021-08-17 15:59:00,115 [fixture.py-->line:40]:注册用户成功
INFO 2021-08-17 15:59:00,284 [fixture.py-->line:61]:登录用户成功
INFO 2021-08-17 15:59:00,286 [base_case.py-->line:45]:********** 用例【前置条件-支付宝充值成功】 开始执行 *************
INFO 2021-08-17 15:59:02,472 [base_case.py-->line:169]:用例【前置条件-支付宝充值成功】响应状态码断言成功
INFO 2021-08-17 15:59:02,472 [base_case.py-->line:191]:用例【前置条件-支付宝充值成功】响应数据断言成功
INFO 2021-08-17 15:59:02,473 [base_case.py-->line:56]:********** 用例【前置条件-支付宝充值成功】 测试成功 *************
INFO 2021-08-17 15:59:02,476 [base_case.py-->line:45]:********** 用例【充值成功-整数】 开始执行 *************
INFO 2021-08-17 15:59:02,530 [base_case.py-->line:169]:用例【充值成功-整数】响应状态码断言成功
INFO 2021-08-17 15:59:02,530 [base_case.py-->line:191]:用例【充值成功-整数】响应数据断言成功
INFO 2021-08-17 15:59:02,532 [base_case.py-->line:201]:用例【充值成功-整数】数据校验的sql为:select id from member WHERE id = 123622024 and leave_amount=888
INFO 2021-08-17 15:59:02,574 [base_case.py-->line:211]:用例【充值成功-整数】数据断言成功
INFO 2021-08-17 15:59:02,574 [base_case.py-->line:56]:********** 用例【充值成功-整数】 测试成功 *************
INFO 2021-08-17 15:59:02,577 [base_case.py-->line:45]:********** 用例【充值成功-1位小数】 开始执行 *************
INFO 2021-08-17 15:59:02,631 [base_case.py-->line:169]:用例【充值成功-1位小数】响应状态码断言成功
INFO 2021-08-17 15:59:02,631 [base_case.py-->line:191]:用例【充值成功-1位小数】响应数据断言成功
INFO 2021-08-17 15:59:02,631 [base_case.py-->line:201]:用例【充值成功-1位小数】数据校验的sql为:select id from member WHERE id = 123622024 and leave_amount=1776.8
INFO 2021-08-17 15:59:02,674 [base_case.py-->line:211]:用例【充值成功-1位小数】数据断言成功
INFO 2021-08-17 15:59:02,674 [base_case.py-->line:56]:********** 用例【充值成功-1位小数】 测试成功 *************
INFO 2021-08-17 15:59:02,677 [base_case.py-->line:45]:********** 用例【充值成功-2位小数】 开始执行 *************
INFO 2021-08-17 15:59:02,731 [base_case.py-->line:169]:用例【充值成功-2位小数】响应状态码断言成功
INFO 2021-08-17 15:59:02,733 [base_case.py-->line:191]:用例【充值成功-2位小数】响应数据断言成功
INFO 2021-08-17 15:59:02,736 [base_case.py-->line:201]:用例【充值成功-2位小数】数据校验的sql为:select id from member WHERE id = 123622024 and leave_amount=2665.68
INFO 2021-08-17 15:59:02,776 [base_case.py-->line:211]:用例【充值成功-2位小数】数据断言成功
INFO 2021-08-17 15:59:02,776 [base_case.py-->line:56]:********** 用例【充值成功-2位小数】 测试成功 *************
INFO 2021-08-17 15:59:02,780 [base_case.py-->line:45]:********** 用例【充值成功-50万】 开始执行 *************
INFO 2021-08-17 15:59:02,834 [base_case.py-->line:169]:用例【充值成功-50万】响应状态码断言成功
INFO 2021-08-17 15:59:02,834 [base_case.py-->line:191]:用例【充值成功-50万】响应数据断言成功
INFO 2021-08-17 15:59:02,835 [base_case.py-->line:201]:用例【充值成功-50万】数据校验的sql为:select id from member WHERE id = 123622024 and leave_amount=502665.68
INFO 2021-08-17 15:59:02,877 [base_case.py-->line:211]:用例【充值成功-50万】数据断言成功
INFO 2021-08-17 15:59:02,877 [base_case.py-->line:56]:********** 用例【充值成功-50万】 测试成功 *************
INFO 2021-08-17 15:59:02,881 [base_case.py-->line:45]:********** 用例【会员id位空】 开始执行 *************
INFO 2021-08-17 15:59:02,930 [base_case.py-->line:169]:用例【会员id位空】响应状态码断言成功
INFO 2021-08-17 15:59:02,930 [base_case.py-->line:191]:用例【会员id位空】响应数据断言成功
INFO 2021-08-17 15:59:02,931 [base_case.py-->line:56]:********** 用例【会员id位空】 测试成功 *************
INFO 2021-08-17 15:59:02,934 [base_case.py-->line:45]:********** 用例【id不是当前登陆的用户】 开始执行 *************
INFO 2021-08-17 15:59:02,982 [base_case.py-->line:169]:用例【id不是当前登陆的用户】响应状态码断言成功
INFO 2021-08-17 15:59:02,983 [base_case.py-->line:191]:用例【id不是当前登陆的用户】响应数据断言成功
INFO 2021-08-17 15:59:02,986 [base_case.py-->line:56]:********** 用例【id不是当前登陆的用户】 测试成功 *************
INFO 2021-08-17 15:59:02,989 [base_case.py-->line:45]:********** 用例【会员id为字符串】 开始执行 *************
INFO 2021-08-17 15:59:03,046 [base_case.py-->line:169]:用例【会员id为字符串】响应状态码断言成功
WARNING 2021-08-17 15:59:03,047 [base_case.py-->line:186]:用例【会员id为字符串】响应数据断言失败
INFO 2021-08-17 15:59:03,048 [base_case.py-->line:187]:用例【会员id为字符串】期望的结果是{'code': 2, 'msg': '数字格式化异常'}
INFO 2021-08-17 15:59:03,050 [base_case.py-->line:188]:用例【会员id为字符串】返回数据是{'code': 0, 'msg': 'OK', 'data': {'id': 123622024, 'leave_amount': 503553.68, 'mobile_phone': '15818964355', 'reg_name': '小柠檬', 'reg_time': '2021-08-17 15:59:00.0', 'type': 1}, 'copyright': 'Copyright 柠檬班 © 2017-2020 湖南省零檬信息技术有限公司 All Rights Reserved'}
INFO 2021-08-17 15:59:03,052 [base_case.py-->line:45]:********** 用例【会员id位小数】 开始执行 *************
INFO 2021-08-17 15:59:03,101 [base_case.py-->line:169]:用例【会员id位小数】响应状态码断言成功
INFO 2021-08-17 15:59:03,102 [base_case.py-->line:191]:用例【会员id位小数】响应数据断言成功
INFO 2021-08-17 15:59:03,103 [base_case.py-->line:56]:********** 用例【会员id位小数】 测试成功 *************
INFO 2021-08-17 15:59:03,106 [base_case.py-->line:45]:********** 用例【充值金额为0】 开始执行 *************
INFO 2021-08-17 15:59:03,156 [base_case.py-->line:169]:用例【充值金额为0】响应状态码断言成功
WARNING 2021-08-17 15:59:03,158 [base_case.py-->line:186]:用例【充值金额为0】响应数据断言失败
INFO 2021-08-17 15:59:03,158 [base_case.py-->line:187]:用例【充值金额为0】期望的结果是{'code': 2, 'msg': '金额必须大于0并且小于或者等于500000'}
INFO 2021-08-17 15:59:03,160 [base_case.py-->line:188]:用例【充值金额为0】返回数据是{'code': 0, 'msg': 'OK', 'data': {'id': 123622024, 'leave_amount': 503553.68, 'mobile_phone': '15818964355', 'reg_name': '小柠檬', 'reg_time': '2021-08-17 15:59:00.0', 'type': 1}, 'copyright': 'Copyright 柠檬班 © 2017-2020 湖南省零檬信息技术有限公司 All Rights Reserved'}
INFO 2021-08-17 15:59:03,162 [base_case.py-->line:45]:********** 用例【充值金额为负数】 开始执行 *************
INFO 2021-08-17 15:59:03,208 [base_case.py-->line:169]:用例【充值金额为负数】响应状态码断言成功
INFO 2021-08-17 15:59:03,209 [base_case.py-->line:191]:用例【充值金额为负数】响应数据断言成功
INFO 2021-08-17 15:59:03,210 [base_case.py-->line:56]:********** 用例【充值金额为负数】 测试成功 *************
INFO 2021-08-17 15:59:03,212 [base_case.py-->line:45]:********** 用例【充值金额为空】 开始执行 *************
INFO 2021-08-17 15:59:03,258 [base_case.py-->line:169]:用例【充值金额为空】响应状态码断言成功
INFO 2021-08-17 15:59:03,259 [base_case.py-->line:191]:用例【充值金额为空】响应数据断言成功
INFO 2021-08-17 15:59:03,260 [base_case.py-->line:56]:********** 用例【充值金额为空】 测试成功 *************
INFO 2021-08-17 15:59:03,262 [base_case.py-->line:45]:********** 用例【充值金额3位小数】 开始执行 *************
INFO 2021-08-17 15:59:03,308 [base_case.py-->line:169]:用例【充值金额3位小数】响应状态码断言成功
INFO 2021-08-17 15:59:03,309 [base_case.py-->line:191]:用例【充值金额3位小数】响应数据断言成功
INFO 2021-08-17 15:59:03,309 [base_case.py-->line:56]:********** 用例【充值金额3位小数】 测试成功 *************
INFO 2021-08-17 15:59:03,312 [base_case.py-->line:45]:********** 用例【充值金额大于50万】 开始执行 *************
INFO 2021-08-17 15:59:03,359 [base_case.py-->line:169]:用例【充值金额大于50万】响应状态码断言成功
INFO 2021-08-17 15:59:03,359 [base_case.py-->line:191]:用例【充值金额大于50万】响应数据断言成功
INFO 2021-08-17 15:59:03,360 [base_case.py-->line:56]:********** 用例【充值金额大于50万】 测试成功 *************
INFO 2021-08-17 15:59:03,363 [base_case.py-->line:45]:********** 用例【充值金额非数字】 开始执行 *************
INFO 2021-08-17 15:59:03,410 [base_case.py-->line:169]:用例【充值金额非数字】响应状态码断言成功
INFO 2021-08-17 15:59:03,411 [base_case.py-->line:191]:用例【充值金额非数字】响应数据断言成功
INFO 2021-08-17 15:59:03,411 [base_case.py-->line:56]:********** 用例【充值金额非数字】 测试成功 *************
INFO 2021-08-17 15:59:03,414 [base_case.py-->line:36]:========= 充值接口 测试结束 =======
INFO 2021-08-17 15:59:03,414 [base_case.py-->line:32]:========= 注册接口 开始测试 =======
INFO 2021-08-17 15:59:03,414 [base_case.py-->line:45]:********** 用例【注册成功-不带昵称和类型】 开始执行 *************
INFO 2021-08-17 15:59:03,634 [base_case.py-->line:169]:用例【注册成功-不带昵称和类型】响应状态码断言成功
INFO 2021-08-17 15:59:03,634 [base_case.py-->line:191]:用例【注册成功-不带昵称和类型】响应数据断言成功
INFO 2021-08-17 15:59:03,635 [base_case.py-->line:201]:用例【注册成功-不带昵称和类型】数据校验的sql为:select id from member where mobile_phone=15882497729
INFO 2021-08-17 15:59:03,733 [base_case.py-->line:211]:用例【注册成功-不带昵称和类型】数据断言成功
INFO 2021-08-17 15:59:03,733 [base_case.py-->line:56]:********** 用例【注册成功-不带昵称和类型】 测试成功 *************
INFO 2021-08-17 15:59:03,739 [base_case.py-->line:45]:********** 用例【注册成功-带昵称-类型为0】 开始执行 *************
INFO 2021-08-17 15:59:03,955 [base_case.py-->line:169]:用例【注册成功-带昵称-类型为0】响应状态码断言成功
INFO 2021-08-17 15:59:03,956 [base_case.py-->line:191]:用例【注册成功-带昵称-类型为0】响应数据断言成功
INFO 2021-08-17 15:59:03,956 [base_case.py-->line:201]:用例【注册成功-带昵称-类型为0】数据校验的sql为:select id from member where mobile_phone=15826877123 and reg_name="柠檬班最帅的心蓝" and `type`=0
INFO 2021-08-17 15:59:04,056 [base_case.py-->line:211]:用例【注册成功-带昵称-类型为0】数据断言成功
INFO 2021-08-17 15:59:04,057 [base_case.py-->line:56]:********** 用例【注册成功-带昵称-类型为0】 测试成功 *************
INFO 2021-08-17 15:59:04,062 [base_case.py-->line:45]:********** 用例【注册成功-不带昵称-类型为1】 开始执行 *************
INFO 2021-08-17 15:59:04,282 [base_case.py-->line:169]:用例【注册成功-不带昵称-类型为1】响应状态码断言成功
INFO 2021-08-17 15:59:04,283 [base_case.py-->line:191]:用例【注册成功-不带昵称-类型为1】响应数据断言成功
INFO 2021-08-17 15:59:04,283 [base_case.py-->line:201]:用例【注册成功-不带昵称-类型为1】数据校验的sql为:select id from member where mobile_phone=15819509697  and `type`=1
INFO 2021-08-17 15:59:04,387 [base_case.py-->line:211]:用例【注册成功-不带昵称-类型为1】数据断言成功
INFO 2021-08-17 15:59:04,388 [base_case.py-->line:56]:********** 用例【注册成功-不带昵称-类型为1】 测试成功 *************
INFO 2021-08-17 15:59:04,396 [base_case.py-->line:45]:********** 用例【不输入手机号】 开始执行 *************
INFO 2021-08-17 15:59:04,441 [base_case.py-->line:169]:用例【不输入手机号】响应状态码断言成功
INFO 2021-08-17 15:59:04,442 [base_case.py-->line:191]:用例【不输入手机号】响应数据断言成功
INFO 2021-08-17 15:59:04,443 [base_case.py-->line:56]:********** 用例【不输入手机号】 测试成功 *************
INFO 2021-08-17 15:59:04,445 [base_case.py-->line:45]:********** 用例【手机号长度10位】 开始执行 *************
INFO 2021-08-17 15:59:04,499 [base_case.py-->line:169]:用例【手机号长度10位】响应状态码断言成功
INFO 2021-08-17 15:59:04,500 [base_case.py-->line:191]:用例【手机号长度10位】响应数据断言成功
INFO 2021-08-17 15:59:04,502 [base_case.py-->line:56]:********** 用例【手机号长度10位】 测试成功 *************
INFO 2021-08-17 15:59:04,503 [base_case.py-->line:45]:********** 用例【手机号长度12位】 开始执行 *************
INFO 2021-08-17 15:59:04,548 [base_case.py-->line:169]:用例【手机号长度12位】响应状态码断言成功
INFO 2021-08-17 15:59:04,549 [base_case.py-->line:191]:用例【手机号长度12位】响应数据断言成功
INFO 2021-08-17 15:59:04,549 [base_case.py-->line:56]:********** 用例【手机号长度12位】 测试成功 *************
INFO 2021-08-17 15:59:04,552 [base_case.py-->line:45]:********** 用例【手机号含有非法字符】 开始执行 *************
INFO 2021-08-17 15:59:04,598 [base_case.py-->line:169]:用例【手机号含有非法字符】响应状态码断言成功
INFO 2021-08-17 15:59:04,599 [base_case.py-->line:191]:用例【手机号含有非法字符】响应数据断言成功
INFO 2021-08-17 15:59:04,599 [base_case.py-->line:56]:********** 用例【手机号含有非法字符】 测试成功 *************
INFO 2021-08-17 15:59:04,604 [base_case.py-->line:45]:********** 用例【已注册过的手机号】 开始执行 *************
INFO 2021-08-17 15:59:04,727 [base_case.py-->line:169]:用例【已注册过的手机号】响应状态码断言成功
INFO 2021-08-17 15:59:04,728 [base_case.py-->line:191]:用例【已注册过的手机号】响应数据断言成功
INFO 2021-08-17 15:59:04,728 [base_case.py-->line:56]:********** 用例【已注册过的手机号】 测试成功 *************
INFO 2021-08-17 15:59:04,731 [base_case.py-->line:45]:********** 用例【密码7位】 开始执行 *************
INFO 2021-08-17 15:59:04,776 [base_case.py-->line:169]:用例【密码7位】响应状态码断言成功
INFO 2021-08-17 15:59:04,776 [base_case.py-->line:191]:用例【密码7位】响应数据断言成功
INFO 2021-08-17 15:59:04,777 [base_case.py-->line:56]:********** 用例【密码7位】 测试成功 *************
INFO 2021-08-17 15:59:04,779 [base_case.py-->line:45]:********** 用例【密码17位】 开始执行 *************
INFO 2021-08-17 15:59:04,827 [base_case.py-->line:169]:用例【密码17位】响应状态码断言成功
INFO 2021-08-17 15:59:04,828 [base_case.py-->line:191]:用例【密码17位】响应数据断言成功
INFO 2021-08-17 15:59:04,828 [base_case.py-->line:56]:********** 用例【密码17位】 测试成功 *************
INFO 2021-08-17 15:59:04,831 [base_case.py-->line:45]:********** 用例【不输入密码】 开始执行 *************
INFO 2021-08-17 15:59:04,876 [base_case.py-->line:169]:用例【不输入密码】响应状态码断言成功
INFO 2021-08-17 15:59:04,877 [base_case.py-->line:191]:用例【不输入密码】响应数据断言成功
INFO 2021-08-17 15:59:04,877 [base_case.py-->line:56]:********** 用例【不输入密码】 测试成功 *************
INFO 2021-08-17 15:59:04,880 [base_case.py-->line:45]:********** 用例【昵称11位】 开始执行 *************
INFO 2021-08-17 15:59:04,927 [base_case.py-->line:169]:用例【昵称11位】响应状态码断言成功
INFO 2021-08-17 15:59:04,927 [base_case.py-->line:191]:用例【昵称11位】响应数据断言成功
INFO 2021-08-17 15:59:04,929 [base_case.py-->line:56]:********** 用例【昵称11位】 测试成功 *************
INFO 2021-08-17 15:59:04,931 [base_case.py-->line:45]:********** 用例【类型输入非0，1内容】 开始执行 *************
INFO 2021-08-17 15:59:04,978 [base_case.py-->line:169]:用例【类型输入非0，1内容】响应状态码断言成功
INFO 2021-08-17 15:59:04,979 [base_case.py-->line:191]:用例【类型输入非0，1内容】响应数据断言成功
INFO 2021-08-17 15:59:04,981 [base_case.py-->line:56]:********** 用例【类型输入非0，1内容】 测试成功 *************
INFO 2021-08-17 15:59:04,986 [base_case.py-->line:36]:========= 注册接口 测试结束 =======
